
   (_)                          | |               | |
    _  ___  ___  ___ __ _ ______| |__   ___   ___ | |_ 
   | |/ _ \/ _ \/ __/ _` |______| '_ \ / _ \ / _ \| __|
   | |  __/  __/ (_| (_| |      | |_) | (_) | (_) | |_ 
   | |\___|\___|\___\__, |      |_.__/ \___/ \___/ \__|
  _/ |               __/ |                             
 |__/               |___/



Jeecg  Boot Version: 3.6.1
Spring Boot Version: 2.7.10 (v2.7.10)


2026-01-30 14:47:23.092 [background-preinit] [34mINFO [0;39m [36morg.hibernate.validator.internal.util.Version:21[0;39m - HV000001: Hibernate Validator 6.2.5.Final
2026-01-30 14:47:23.105 [main] [34mINFO [0;39m [36morg.jeecg.JeecgSystemApplication:55[0;39m - Starting JeecgSystemApplication v3.6.1 using Java 17.0.17 on localhost with PID 328927 (/root/project-tritium/backend/jeecg-module-system/jeecg-system-start/target/jeecg-system-start-3.6.1.jar started by root in /root/project-tritium)
2026-01-30 14:47:23.106 [main] [34mINFO [0;39m [36morg.jeecg.JeecgSystemApplication:637[0;39m - The following 1 profile is active: "dev"
2026-01-30 14:47:28.223 [main] [34mINFO [0;39m [36mo.s.d.r.config.RepositoryConfigurationDelegate:262[0;39m - Multiple Spring Data modules found, entering strict repository configuration mode
2026-01-30 14:47:28.227 [main] [34mINFO [0;39m [36mo.s.d.r.config.RepositoryConfigurationDelegate:132[0;39m - Bootstrapping Spring Data Redis repositories in DEFAULT mode.
2026-01-30 14:47:28.385 [main] [34mINFO [0;39m [36mo.s.d.r.config.RepositoryConfigurationDelegate:201[0;39m - Finished Spring Data repository scanning in 134 ms. Found 0 Redis repository interfaces.
2026-01-30 14:47:28.706 [main] [34mINFO [0;39m [36mo.j.minidao.auto.MinidaoAutoConfiguration:23[0;39m -  ******************* init miniDao config [ begin ] *********************** 
2026-01-30 14:47:28.706 [main] [34mINFO [0;39m [36mo.j.minidao.auto.MinidaoAutoConfiguration:25[0;39m -  ------ minidao.base-package ------- org.jeecg.modules.jmreport.*,org.jeecg.modules.drag.*
2026-01-30 14:47:28.710 [main] [34mINFO [0;39m [36mo.j.minidao.auto.MinidaoAutoConfiguration:42[0;39m -  *******************  init miniDao config  [ end ] *********************** 
2026-01-30 14:47:28.828 [main] [34mINFO [0;39m [36mo.j.minidao.factory.MiniDaoClassPathMapperScanner:48[0;39m - register minidao name is { org.jeecg.modules.jmreport.desreport.dao.JimuReportDao }
2026-01-30 14:47:28.829 [main] [34mINFO [0;39m [36mo.j.minidao.factory.MiniDaoClassPathMapperScanner:48[0;39m - register minidao name is { org.jeecg.modules.jmreport.desreport.dao.JimuReportDataSourceDao }
2026-01-30 14:47:28.830 [main] [34mINFO [0;39m [36mo.j.minidao.factory.MiniDaoClassPathMapperScanner:48[0;39m - register minidao name is { org.jeecg.modules.jmreport.desreport.dao.JimuReportDbDao }
2026-01-30 14:47:28.830 [main] [34mINFO [0;39m [36mo.j.minidao.factory.MiniDaoClassPathMapperScanner:48[0;39m - register minidao name is { org.jeecg.modules.jmreport.desreport.dao.JimuReportDbFieldDao }
2026-01-30 14:47:28.830 [main] [34mINFO [0;39m [36mo.j.minidao.factory.MiniDaoClassPathMapperScanner:48[0;39m - register minidao name is { org.jeecg.modules.jmreport.desreport.dao.JimuReportDbParamDao }
2026-01-30 14:47:28.830 [main] [34mINFO [0;39m [36mo.j.minidao.factory.MiniDaoClassPathMapperScanner:48[0;39m - register minidao name is { org.jeecg.modules.jmreport.desreport.dao.JimuReportDictDao }
2026-01-30 14:47:28.831 [main] [34mINFO [0;39m [36mo.j.minidao.factory.MiniDaoClassPathMapperScanner:48[0;39m - register minidao name is { org.jeecg.modules.jmreport.desreport.dao.JimuReportDictItemDao }
2026-01-30 14:47:28.831 [main] [34mINFO [0;39m [36mo.j.minidao.factory.MiniDaoClassPathMapperScanner:48[0;39m - register minidao name is { org.jeecg.modules.jmreport.desreport.dao.JimuReportLinkDao }
2026-01-30 14:47:28.831 [main] [34mINFO [0;39m [36mo.j.minidao.factory.MiniDaoClassPathMapperScanner:48[0;39m - register minidao name is { org.jeecg.modules.jmreport.desreport.dao.JimuReportMapDao }
2026-01-30 14:47:28.831 [main] [34mINFO [0;39m [36mo.j.minidao.factory.MiniDaoClassPathMapperScanner:48[0;39m - register minidao name is { org.jeecg.modules.jmreport.desreport.dao.JimuReportShareDao }
2026-01-30 14:47:28.831 [main] [34mINFO [0;39m [36mo.j.minidao.factory.MiniDaoClassPathMapperScanner:48[0;39m - register minidao name is { org.jeecg.modules.drag.dao.OnlDragCompDao }
2026-01-30 14:47:28.831 [main] [34mINFO [0;39m [36mo.j.minidao.factory.MiniDaoClassPathMapperScanner:48[0;39m - register minidao name is { org.jeecg.modules.drag.dao.OnlDragDatasetHeadDao }
2026-01-30 14:47:28.832 [main] [34mINFO [0;39m [36mo.j.minidao.factory.MiniDaoClassPathMapperScanner:48[0;39m - register minidao name is { org.jeecg.modules.drag.dao.OnlDragDatasetItemDao }
2026-01-30 14:47:28.832 [main] [34mINFO [0;39m [36mo.j.minidao.factory.MiniDaoClassPathMapperScanner:48[0;39m - register minidao name is { org.jeecg.modules.drag.dao.OnlDragDatasetParamDao }
2026-01-30 14:47:28.832 [main] [34mINFO [0;39m [36mo.j.minidao.factory.MiniDaoClassPathMapperScanner:48[0;39m - register minidao name is { org.jeecg.modules.drag.dao.OnlDragDataSourceDao }
2026-01-30 14:47:28.832 [main] [34mINFO [0;39m [36mo.j.minidao.factory.MiniDaoClassPathMapperScanner:48[0;39m - register minidao name is { org.jeecg.modules.drag.dao.OnlDragPageCompDao }
2026-01-30 14:47:28.837 [main] [34mINFO [0;39m [36mo.j.minidao.factory.MiniDaoClassPathMapperScanner:48[0;39m - register minidao name is { org.jeecg.modules.drag.dao.OnlDragPageDao }
2026-01-30 14:47:29.617 [main] [34mINFO [0;39m [36mo.s.c.s.PostProcessorRegistrationDelegate$BeanPostProcessorChecker:376[0;39m - Bean '(inner bean)#5d465e4b#16' of type [org.jeecgframework.minidao.aop.MiniDaoHandler] is not eligible for getting processed by all BeanPostProcessors (for example: not eligible for auto-proxying)
2026-01-30 14:47:29.633 [main] [34mINFO [0;39m [36mo.s.c.s.PostProcessorRegistrationDelegate$BeanPostProcessorChecker:376[0;39m - Bean 'onlDragPageDao' of type [org.jeecgframework.minidao.factory.MiniDaoBeanFactory] is not eligible for getting processed by all BeanPostProcessors (for example: not eligible for auto-proxying)
2026-01-30 14:47:29.639 [main] [34mINFO [0;39m [36mo.s.c.s.PostProcessorRegistrationDelegate$BeanPostProcessorChecker:376[0;39m - Bean '(inner bean)#5d465e4b#15' of type [org.jeecgframework.minidao.aop.MiniDaoHandler] is not eligible for getting processed by all BeanPostProcessors (for example: not eligible for auto-proxying)
2026-01-30 14:47:29.642 [main] [34mINFO [0;39m [36mo.s.c.s.PostProcessorRegistrationDelegate$BeanPostProcessorChecker:376[0;39m - Bean 'onlDragPageCompDao' of type [org.jeecgframework.minidao.factory.MiniDaoBeanFactory] is not eligible for getting processed by all BeanPostProcessors (for example: not eligible for auto-proxying)
2026-01-30 14:47:29.647 [main] [34mINFO [0;39m [36mo.s.c.s.PostProcessorRegistrationDelegate$BeanPostProcessorChecker:376[0;39m - Bean '(inner bean)#5d465e4b#14' of type [org.jeecgframework.minidao.aop.MiniDaoHandler] is not eligible for getting processed by all BeanPostProcessors (for example: not eligible for auto-proxying)
2026-01-30 14:47:29.651 [main] [34mINFO [0;39m [36mo.s.c.s.PostProcessorRegistrationDelegate$BeanPostProcessorChecker:376[0;39m - Bean 'onlDragDataSourceDao' of type [org.jeecgframework.minidao.factory.MiniDaoBeanFactory] is not eligible for getting processed by all BeanPostProcessors (for example: not eligible for auto-proxying)
2026-01-30 14:47:29.652 [main] [34mINFO [0;39m [36mo.s.c.s.PostProcessorRegistrationDelegate$BeanPostProcessorChecker:376[0;39m - Bean '(inner bean)#5d465e4b#13' of type [org.jeecgframework.minidao.aop.MiniDaoHandler] is not eligible for getting processed by all BeanPostProcessors (for example: not eligible for auto-proxying)
2026-01-30 14:47:29.658 [main] [34mINFO [0;39m [36mo.s.c.s.PostProcessorRegistrationDelegate$BeanPostProcessorChecker:376[0;39m - Bean 'onlDragDatasetParamDao' of type [org.jeecgframework.minidao.factory.MiniDaoBeanFactory] is not eligible for getting processed by all BeanPostProcessors (for example: not eligible for auto-proxying)
2026-01-30 14:47:29.659 [main] [34mINFO [0;39m [36mo.s.c.s.PostProcessorRegistrationDelegate$BeanPostProcessorChecker:376[0;39m - Bean '(inner bean)#5d465e4b#12' of type [org.jeecgframework.minidao.aop.MiniDaoHandler] is not eligible for getting processed by all BeanPostProcessors (for example: not eligible for auto-proxying)
2026-01-30 14:47:29.660 [main] [34mINFO [0;39m [36mo.s.c.s.PostProcessorRegistrationDelegate$BeanPostProcessorChecker:376[0;39m - Bean 'onlDragDatasetItemDao' of type [org.jeecgframework.minidao.factory.MiniDaoBeanFactory] is not eligible for getting processed by all BeanPostProcessors (for example: not eligible for auto-proxying)
2026-01-30 14:47:29.666 [main] [34mINFO [0;39m [36mo.s.c.s.PostProcessorRegistrationDelegate$BeanPostProcessorChecker:376[0;39m - Bean '(inner bean)#5d465e4b#11' of type [org.jeecgframework.minidao.aop.MiniDaoHandler] is not eligible for getting processed by all BeanPostProcessors (for example: not eligible for auto-proxying)
2026-01-30 14:47:29.668 [main] [34mINFO [0;39m [36mo.s.c.s.PostProcessorRegistrationDelegate$BeanPostProcessorChecker:376[0;39m - Bean 'onlDragDatasetHeadDao' of type [org.jeecgframework.minidao.factory.MiniDaoBeanFactory] is not eligible for getting processed by all BeanPostProcessors (for example: not eligible for auto-proxying)
2026-01-30 14:47:29.669 [main] [34mINFO [0;39m [36mo.s.c.s.PostProcessorRegistrationDelegate$BeanPostProcessorChecker:376[0;39m - Bean '(inner bean)#5d465e4b#10' of type [org.jeecgframework.minidao.aop.MiniDaoHandler] is not eligible for getting processed by all BeanPostProcessors (for example: not eligible for auto-proxying)
2026-01-30 14:47:29.670 [main] [34mINFO [0;39m [36mo.s.c.s.PostProcessorRegistrationDelegate$BeanPostProcessorChecker:376[0;39m - Bean 'onlDragCompDao' of type [org.jeecgframework.minidao.factory.MiniDaoBeanFactory] is not eligible for getting processed by all BeanPostProcessors (for example: not eligible for auto-proxying)
2026-01-30 14:47:29.671 [main] [34mINFO [0;39m [36mo.s.c.s.PostProcessorRegistrationDelegate$BeanPostProcessorChecker:376[0;39m - Bean '(inner bean)#5d465e4b#9' of type [org.jeecgframework.minidao.aop.MiniDaoHandler] is not eligible for getting processed by all BeanPostProcessors (for example: not eligible for auto-proxying)
2026-01-30 14:47:29.673 [main] [34mINFO [0;39m [36mo.s.c.s.PostProcessorRegistrationDelegate$BeanPostProcessorChecker:376[0;39m - Bean 'jimuReportShareDao' of type [org.jeecgframework.minidao.factory.MiniDaoBeanFactory] is not eligible for getting processed by all BeanPostProcessors (for example: not eligible for auto-proxying)
2026-01-30 14:47:29.675 [main] [34mINFO [0;39m [36mo.s.c.s.PostProcessorRegistrationDelegate$BeanPostProcessorChecker:376[0;39m - Bean '(inner bean)#5d465e4b#8' of type [org.jeecgframework.minidao.aop.MiniDaoHandler] is not eligible for getting processed by all BeanPostProcessors (for example: not eligible for auto-proxying)
2026-01-30 14:47:29.677 [main] [34mINFO [0;39m [36mo.s.c.s.PostProcessorRegistrationDelegate$BeanPostProcessorChecker:376[0;39m - Bean 'jimuReportMapDao' of type [org.jeecgframework.minidao.factory.MiniDaoBeanFactory] is not eligible for getting processed by all BeanPostProcessors (for example: not eligible for auto-proxying)
2026-01-30 14:47:29.679 [main] [34mINFO [0;39m [36mo.s.c.s.PostProcessorRegistrationDelegate$BeanPostProcessorChecker:376[0;39m - Bean '(inner bean)#5d465e4b#7' of type [org.jeecgframework.minidao.aop.MiniDaoHandler] is not eligible for getting processed by all BeanPostProcessors (for example: not eligible for auto-proxying)
2026-01-30 14:47:29.682 [main] [34mINFO [0;39m [36mo.s.c.s.PostProcessorRegistrationDelegate$BeanPostProcessorChecker:376[0;39m - Bean 'jimuReportLinkDao' of type [org.jeecgframework.minidao.factory.MiniDaoBeanFactory] is not eligible for getting processed by all BeanPostProcessors (for example: not eligible for auto-proxying)
2026-01-30 14:47:29.683 [main] [34mINFO [0;39m [36mo.s.c.s.PostProcessorRegistrationDelegate$BeanPostProcessorChecker:376[0;39m - Bean '(inner bean)#5d465e4b#6' of type [org.jeecgframework.minidao.aop.MiniDaoHandler] is not eligible for getting processed by all BeanPostProcessors (for example: not eligible for auto-proxying)
2026-01-30 14:47:29.684 [main] [34mINFO [0;39m [36mo.s.c.s.PostProcessorRegistrationDelegate$BeanPostProcessorChecker:376[0;39m - Bean 'jimuReportDictItemDao' of type [org.jeecgframework.minidao.factory.MiniDaoBeanFactory] is not eligible for getting processed by all BeanPostProcessors (for example: not eligible for auto-proxying)
2026-01-30 14:47:29.685 [main] [34mINFO [0;39m [36mo.s.c.s.PostProcessorRegistrationDelegate$BeanPostProcessorChecker:376[0;39m - Bean '(inner bean)#5d465e4b#5' of type [org.jeecgframework.minidao.aop.MiniDaoHandler] is not eligible for getting processed by all BeanPostProcessors (for example: not eligible for auto-proxying)
2026-01-30 14:47:29.685 [main] [34mINFO [0;39m [36mo.s.c.s.PostProcessorRegistrationDelegate$BeanPostProcessorChecker:376[0;39m - Bean 'jimuReportDictDao' of type [org.jeecgframework.minidao.factory.MiniDaoBeanFactory] is not eligible for getting processed by all BeanPostProcessors (for example: not eligible for auto-proxying)
2026-01-30 14:47:29.689 [main] [34mINFO [0;39m [36mo.s.c.s.PostProcessorRegistrationDelegate$BeanPostProcessorChecker:376[0;39m - Bean '(inner bean)#5d465e4b#4' of type [org.jeecgframework.minidao.aop.MiniDaoHandler] is not eligible for getting processed by all BeanPostProcessors (for example: not eligible for auto-proxying)
2026-01-30 14:47:29.690 [main] [34mINFO [0;39m [36mo.s.c.s.PostProcessorRegistrationDelegate$BeanPostProcessorChecker:376[0;39m - Bean 'jimuReportDbParamDao' of type [org.jeecgframework.minidao.factory.MiniDaoBeanFactory] is not eligible for getting processed by all BeanPostProcessors (for example: not eligible for auto-proxying)
2026-01-30 14:47:29.691 [main] [34mINFO [0;39m [36mo.s.c.s.PostProcessorRegistrationDelegate$BeanPostProcessorChecker:376[0;39m - Bean '(inner bean)#5d465e4b#3' of type [org.jeecgframework.minidao.aop.MiniDaoHandler] is not eligible for getting processed by all BeanPostProcessors (for example: not eligible for auto-proxying)
2026-01-30 14:47:29.692 [main] [34mINFO [0;39m [36mo.s.c.s.PostProcessorRegistrationDelegate$BeanPostProcessorChecker:376[0;39m - Bean 'jimuReportDbFieldDao' of type [org.jeecgframework.minidao.factory.MiniDaoBeanFactory] is not eligible for getting processed by all BeanPostProcessors (for example: not eligible for auto-proxying)
2026-01-30 14:47:29.693 [main] [34mINFO [0;39m [36mo.s.c.s.PostProcessorRegistrationDelegate$BeanPostProcessorChecker:376[0;39m - Bean '(inner bean)#5d465e4b#2' of type [org.jeecgframework.minidao.aop.MiniDaoHandler] is not eligible for getting processed by all BeanPostProcessors (for example: not eligible for auto-proxying)
2026-01-30 14:47:29.695 [main] [34mINFO [0;39m [36mo.s.c.s.PostProcessorRegistrationDelegate$BeanPostProcessorChecker:376[0;39m - Bean 'jimuReportDbDao' of type [org.jeecgframework.minidao.factory.MiniDaoBeanFactory] is not eligible for getting processed by all BeanPostProcessors (for example: not eligible for auto-proxying)
2026-01-30 14:47:29.698 [main] [34mINFO [0;39m [36mo.s.c.s.PostProcessorRegistrationDelegate$BeanPostProcessorChecker:376[0;39m - Bean '(inner bean)#5d465e4b#1' of type [org.jeecgframework.minidao.aop.MiniDaoHandler] is not eligible for getting processed by all BeanPostProcessors (for example: not eligible for auto-proxying)
2026-01-30 14:47:29.699 [main] [34mINFO [0;39m [36mo.s.c.s.PostProcessorRegistrationDelegate$BeanPostProcessorChecker:376[0;39m - Bean 'jimuReportDataSourceDao' of type [org.jeecgframework.minidao.factory.MiniDaoBeanFactory] is not eligible for getting processed by all BeanPostProcessors (for example: not eligible for auto-proxying)
2026-01-30 14:47:29.701 [main] [34mINFO [0;39m [36mo.s.c.s.PostProcessorRegistrationDelegate$BeanPostProcessorChecker:376[0;39m - Bean '(inner bean)#5d465e4b' of type [org.jeecgframework.minidao.aop.MiniDaoHandler] is not eligible for getting processed by all BeanPostProcessors (for example: not eligible for auto-proxying)
2026-01-30 14:47:29.702 [main] [34mINFO [0;39m [36mo.s.c.s.PostProcessorRegistrationDelegate$BeanPostProcessorChecker:376[0;39m - Bean 'jimuReportDao' of type [org.jeecgframework.minidao.factory.MiniDaoBeanFactory] is not eligible for getting processed by all BeanPostProcessors (for example: not eligible for auto-proxying)
2026-01-30 14:47:29.731 [main] [34mINFO [0;39m [36mo.s.c.s.PostProcessorRegistrationDelegate$BeanPostProcessorChecker:376[0;39m - Bean 'spring.redis-org.springframework.boot.autoconfigure.data.redis.RedisProperties' of type [org.springframework.boot.autoconfigure.data.redis.RedisProperties] is not eligible for getting processed by all BeanPostProcessors (for example: not eligible for auto-proxying)
2026-01-30 14:47:29.736 [main] [34mINFO [0;39m [36mo.s.c.s.PostProcessorRegistrationDelegate$BeanPostProcessorChecker:376[0;39m - Bean 'org.springframework.boot.autoconfigure.data.redis.LettuceConnectionConfiguration' of type [org.springframework.boot.autoconfigure.data.redis.LettuceConnectionConfiguration] is not eligible for getting processed by all BeanPostProcessors (for example: not eligible for auto-proxying)
2026-01-30 14:47:29.769 [main] [34mINFO [0;39m [36mo.s.c.s.PostProcessorRegistrationDelegate$BeanPostProcessorChecker:376[0;39m - Bean 'org.springframework.boot.actuate.autoconfigure.metrics.redis.LettuceMetricsAutoConfiguration' of type [org.springframework.boot.actuate.autoconfigure.metrics.redis.LettuceMetricsAutoConfiguration] is not eligible for getting processed by all BeanPostProcessors (for example: not eligible for auto-proxying)
2026-01-30 14:47:29.772 [main] [34mINFO [0;39m [36mo.s.c.s.PostProcessorRegistrationDelegate$BeanPostProcessorChecker:376[0;39m - Bean 'org.springframework.boot.actuate.autoconfigure.metrics.export.prometheus.PrometheusMetricsExportAutoConfiguration' of type [org.springframework.boot.actuate.autoconfigure.metrics.export.prometheus.PrometheusMetricsExportAutoConfiguration] is not eligible for getting processed by all BeanPostProcessors (for example: not eligible for auto-proxying)
2026-01-30 14:47:29.780 [main] [34mINFO [0;39m [36mo.s.c.s.PostProcessorRegistrationDelegate$BeanPostProcessorChecker:376[0;39m - Bean 'management.metrics.export.prometheus-org.springframework.boot.actuate.autoconfigure.metrics.export.prometheus.PrometheusProperties' of type [org.springframework.boot.actuate.autoconfigure.metrics.export.prometheus.PrometheusProperties] is not eligible for getting processed by all BeanPostProcessors (for example: not eligible for auto-proxying)
2026-01-30 14:47:29.784 [main] [34mINFO [0;39m [36mo.s.c.s.PostProcessorRegistrationDelegate$BeanPostProcessorChecker:376[0;39m - Bean 'prometheusConfig' of type [org.springframework.boot.actuate.autoconfigure.metrics.export.prometheus.PrometheusPropertiesConfigAdapter] is not eligible for getting processed by all BeanPostProcessors (for example: not eligible for auto-proxying)
2026-01-30 14:47:29.787 [main] [34mINFO [0;39m [36mo.s.c.s.PostProcessorRegistrationDelegate$BeanPostProcessorChecker:376[0;39m - Bean 'collectorRegistry' of type [io.prometheus.client.CollectorRegistry] is not eligible for getting processed by all BeanPostProcessors (for example: not eligible for auto-proxying)
2026-01-30 14:47:29.790 [main] [34mINFO [0;39m [36mo.s.c.s.PostProcessorRegistrationDelegate$BeanPostProcessorChecker:376[0;39m - Bean 'org.springframework.boot.actuate.autoconfigure.metrics.MetricsAutoConfiguration' of type [org.springframework.boot.actuate.autoconfigure.metrics.MetricsAutoConfiguration] is not eligible for getting processed by all BeanPostProcessors (for example: not eligible for auto-proxying)
2026-01-30 14:47:29.791 [main] [34mINFO [0;39m [36mo.s.c.s.PostProcessorRegistrationDelegate$BeanPostProcessorChecker:376[0;39m - Bean 'micrometerClock' of type [io.micrometer.core.instrument.Clock$1] is not eligible for getting processed by all BeanPostProcessors (for example: not eligible for auto-proxying)
2026-01-30 14:47:29.840 [main] [34mINFO [0;39m [36mo.s.c.s.PostProcessorRegistrationDelegate$BeanPostProcessorChecker:376[0;39m - Bean 'prometheusMeterRegistry' of type [io.micrometer.prometheus.PrometheusMeterRegistry] is not eligible for getting processed by all BeanPostProcessors (for example: not eligible for auto-proxying)
2026-01-30 14:47:29.846 [main] [34mINFO [0;39m [36mo.s.c.s.PostProcessorRegistrationDelegate$BeanPostProcessorChecker:376[0;39m - Bean 'micrometerOptions' of type [io.lettuce.core.metrics.MicrometerOptions] is not eligible for getting processed by all BeanPostProcessors (for example: not eligible for auto-proxying)
2026-01-30 14:47:29.847 [main] [34mINFO [0;39m [36mo.s.c.s.PostProcessorRegistrationDelegate$BeanPostProcessorChecker:376[0;39m - Bean 'lettuceMetrics' of type [org.springframework.boot.actuate.autoconfigure.metrics.redis.LettuceMetricsAutoConfiguration$$Lambda$531/0x000076928856e6a8] is not eligible for getting processed by all BeanPostProcessors (for example: not eligible for auto-proxying)
2026-01-30 14:47:30.232 [main] [34mINFO [0;39m [36mo.s.c.s.PostProcessorRegistrationDelegate$BeanPostProcessorChecker:376[0;39m - Bean 'lettuceClientResources' of type [io.lettuce.core.resource.DefaultClientResources] is not eligible for getting processed by all BeanPostProcessors (for example: not eligible for auto-proxying)
2026-01-30 14:47:30.379 [main] [34mINFO [0;39m [36mo.s.c.s.PostProcessorRegistrationDelegate$BeanPostProcessorChecker:376[0;39m - Bean 'redisConnectionFactory' of type [org.springframework.data.redis.connection.lettuce.LettuceConnectionFactory] is not eligible for getting processed by all BeanPostProcessors (for example: not eligible for auto-proxying)
2026-01-30 14:47:30.396 [main] [34mINFO [0;39m [36mo.s.c.s.PostProcessorRegistrationDelegate$BeanPostProcessorChecker:376[0;39m - Bean 'jeecgBaseConfig' of type [org.jeecg.config.JeecgBaseConfig] is not eligible for getting processed by all BeanPostProcessors (for example: not eligible for auto-proxying)
2026-01-30 14:47:30.402 [main] [34mINFO [0;39m [36mo.s.c.s.PostProcessorRegistrationDelegate$BeanPostProcessorChecker:376[0;39m - Bean 'shiroConfig' of type [org.jeecg.config.shiro.ShiroConfig$$EnhancerBySpringCGLIB$$a7960356] is not eligible for getting processed by all BeanPostProcessors (for example: not eligible for auto-proxying)
2026-01-30 14:47:31.051 [main] [34mINFO [0;39m [36mo.s.c.s.PostProcessorRegistrationDelegate$BeanPostProcessorChecker:376[0;39m - Bean 'spring.datasource.dynamic-com.baomidou.dynamic.datasource.spring.boot.autoconfigure.DynamicDataSourceProperties' of type [com.baomidou.dynamic.datasource.spring.boot.autoconfigure.DynamicDataSourceProperties] is not eligible for getting processed by all BeanPostProcessors (for example: not eligible for auto-proxying)
2026-01-30 14:47:31.072 [main] [34mINFO [0;39m [36mo.s.c.s.PostProcessorRegistrationDelegate$BeanPostProcessorChecker:376[0;39m - Bean 'com.baomidou.dynamic.datasource.spring.boot.autoconfigure.DynamicDataSourceAopConfiguration' of type [com.baomidou.dynamic.datasource.spring.boot.autoconfigure.DynamicDataSourceAopConfiguration$$EnhancerBySpringCGLIB$$c9cb72b1] is not eligible for getting processed by all BeanPostProcessors (for example: not eligible for auto-proxying)
2026-01-30 14:47:31.095 [main] [34mINFO [0;39m [36mo.s.c.s.PostProcessorRegistrationDelegate$BeanPostProcessorChecker:376[0;39m - Bean 'dsProcessor' of type [com.baomidou.dynamic.datasource.processor.DsHeaderProcessor] is not eligible for getting processed by all BeanPostProcessors (for example: not eligible for auto-proxying)
2026-01-30 14:47:31.239 [main] [34mINFO [0;39m [36mo.s.c.s.PostProcessorRegistrationDelegate$BeanPostProcessorChecker:376[0;39m - Bean 'shiroRealm' of type [org.jeecg.config.shiro.ShiroRealm] is not eligible for getting processed by all BeanPostProcessors (for example: not eligible for auto-proxying)
2026-01-30 14:47:31.427 [main] [34mINFO [0;39m [36morg.jeecg.config.shiro.ShiroConfig:236[0;39m - ===============(1)创建缓存管理器RedisCacheManager
2026-01-30 14:47:31.433 [main] [34mINFO [0;39m [36morg.jeecg.config.shiro.ShiroConfig:254[0;39m - ===============(2)创建RedisManager,连接Redis..
2026-01-30 14:47:31.446 [main] [34mINFO [0;39m [36mo.s.c.s.PostProcessorRegistrationDelegate$BeanPostProcessorChecker:376[0;39m - Bean 'redisManager' of type [org.crazycake.shiro.RedisManager] is not eligible for getting processed by all BeanPostProcessors (for example: not eligible for auto-proxying)
2026-01-30 14:47:31.466 [main] [34mINFO [0;39m [36mo.s.c.s.PostProcessorRegistrationDelegate$BeanPostProcessorChecker:376[0;39m - Bean 'securityManager' of type [org.apache.shiro.web.mgt.DefaultWebSecurityManager] is not eligible for getting processed by all BeanPostProcessors (for example: not eligible for auto-proxying)
2026-01-30 14:47:31.581 [main] [34mINFO [0;39m [36mo.s.c.s.PostProcessorRegistrationDelegate$BeanPostProcessorChecker:376[0;39m - Bean 'authorizationAttributeSourceAdvisor' of type [org.apache.shiro.spring.security.interceptor.AuthorizationAttributeSourceAdvisor] is not eligible for getting processed by all BeanPostProcessors (for example: not eligible for auto-proxying)
2026-01-30 14:47:31.653 [main] [34mINFO [0;39m [36mo.s.c.s.PostProcessorRegistrationDelegate$BeanPostProcessorChecker:376[0;39m - Bean 'org.apache.shiro.spring.boot.autoconfigure.ShiroBeanAutoConfiguration' of type [org.apache.shiro.spring.boot.autoconfigure.ShiroBeanAutoConfiguration$$EnhancerBySpringCGLIB$$5b72990d] is not eligible for getting processed by all BeanPostProcessors (for example: not eligible for auto-proxying)
2026-01-30 14:47:31.670 [main] [34mINFO [0;39m [36mo.s.c.s.PostProcessorRegistrationDelegate$BeanPostProcessorChecker:376[0;39m - Bean 'eventBus' of type [org.apache.shiro.event.support.DefaultEventBus] is not eligible for getting processed by all BeanPostProcessors (for example: not eligible for auto-proxying)
2026-01-30 14:47:32.309 [main] [34mINFO [0;39m [36mo.s.boot.web.embedded.tomcat.TomcatWebServer:108[0;39m - Tomcat initialized with port(s): 8080 (http)
2026-01-30 14:47:32.329 [main] [34mINFO [0;39m [36morg.apache.coyote.http11.Http11NioProtocol:173[0;39m - Initializing ProtocolHandler ["http-nio-8080"]
2026-01-30 14:47:32.330 [main] [34mINFO [0;39m [36morg.apache.catalina.core.StandardService:173[0;39m - Starting service [Tomcat]
2026-01-30 14:47:32.330 [main] [34mINFO [0;39m [36morg.apache.catalina.core.StandardEngine:173[0;39m - Starting Servlet engine: [Apache Tomcat/9.0.73]
2026-01-30 14:47:32.431 [main] [34mINFO [0;39m [36mo.a.c.c.C.[Tomcat].[localhost].[/jeecg-boot]:173[0;39m - Initializing Spring embedded WebApplicationContext
2026-01-30 14:47:32.431 [main] [34mINFO [0;39m [36mo.s.b.w.s.c.ServletWebServerApplicationContext:292[0;39m - Root WebApplicationContext: initialization completed in 9182 ms
2026-01-30 14:47:32.821 [main] [34mINFO [0;39m [36mo.j.m.jmreport.config.init.JimuReportConfiguration:90[0;39m -  Init JimuReport Config [ Token Interceptor & Resource Locations ] 
2026-01-30 14:47:34.238 [main] [34mINFO [0;39m [36mcom.alibaba.druid.pool.DruidDataSource:1010[0;39m - {dataSource-1,master} inited
2026-01-30 14:47:34.243 [main] [34mINFO [0;39m [36mc.b.dynamic.datasource.DynamicRoutingDataSource:154[0;39m - dynamic-datasource - add a datasource named [master] success
2026-01-30 14:47:34.244 [main] [34mINFO [0;39m [36mc.b.dynamic.datasource.DynamicRoutingDataSource:237[0;39m - dynamic-datasource initial loaded [1] datasource,primary datasource named [master]
2026-01-30 14:47:34.634 [main] [34mINFO [0;39m [36morg.hibernate.jpa.internal.util.LogHelper:31[0;39m - HHH000204: Processing PersistenceUnitInfo [name: default]
2026-01-30 14:47:34.714 [main] [34mINFO [0;39m [36morg.hibernate.Version:44[0;39m - HHH000412: Hibernate ORM core version 5.6.7.Final
2026-01-30 14:47:35.080 [main] [34mINFO [0;39m [36morg.hibernate.annotations.common.Version:56[0;39m - HCANN000001: Hibernate Commons Annotations {5.1.2.Final}
2026-01-30 14:47:35.375 [main] [34mINFO [0;39m [36morg.hibernate.dialect.Dialect:175[0;39m - HHH000400: Using dialect: org.hibernate.dialect.MySQL8Dialect
2026-01-30 14:47:35.802 [main] [34mINFO [0;39m [36mo.h.e.t.jta.platform.internal.JtaPlatformInitiator:52[0;39m - HHH000490: Using JtaPlatform implementation: [org.hibernate.engine.transaction.jta.platform.internal.NoJtaPlatform]
2026-01-30 14:47:35.815 [main] [34mINFO [0;39m [36mo.s.orm.jpa.LocalContainerEntityManagerFactoryBean:437[0;39m - Initialized JPA EntityManagerFactory for persistence unit 'default'
2026-01-30 14:47:40.929 [main] [34mINFO [0;39m [36morg.jeecg.common.modules.redis.config.RedisConfig:56[0;39m -  --- redis config init --- 
2026-01-30 14:47:44.496 [main] [34mINFO [0;39m [36morg.quartz.impl.StdSchedulerFactory:1220[0;39m - Using default implementation for ThreadExecutor
2026-01-30 14:47:44.510 [main] [34mINFO [0;39m [36morg.quartz.simpl.SimpleThreadPool:268[0;39m - Job execution threads will use class loader of thread: main
2026-01-30 14:47:44.555 [main] [34mINFO [0;39m [36morg.quartz.core.SchedulerSignalerImpl:61[0;39m - Initialized Scheduler Signaller of type: class org.quartz.core.SchedulerSignalerImpl
2026-01-30 14:47:44.556 [main] [34mINFO [0;39m [36morg.quartz.core.QuartzScheduler:229[0;39m - Quartz Scheduler v.2.3.2 created.
2026-01-30 14:47:44.569 [main] [34mINFO [0;39m [36mo.s.scheduling.quartz.LocalDataSourceJobStore:672[0;39m - Using db table-based data access locking (synchronization).
2026-01-30 14:47:44.575 [main] [34mINFO [0;39m [36mo.s.scheduling.quartz.LocalDataSourceJobStore:145[0;39m - JobStoreCMT initialized.
2026-01-30 14:47:44.576 [main] [34mINFO [0;39m [36morg.quartz.core.QuartzScheduler:294[0;39m - Scheduler meta-data: Quartz Scheduler (v2.3.2) 'MyScheduler' with instanceId 'localhost1769784464506'
  Scheduler class: 'org.quartz.core.QuartzScheduler' - running locally.
  NOT STARTED.
  Currently in standby mode.
  Number of jobs executed: 0
  Using thread pool 'org.quartz.simpl.SimpleThreadPool' - with 10 threads.
  Using job-store 'org.springframework.scheduling.quartz.LocalDataSourceJobStore' - which supports persistence. and is clustered.

2026-01-30 14:47:44.579 [main] [34mINFO [0;39m [36morg.quartz.impl.StdSchedulerFactory:1374[0;39m - Quartz scheduler 'MyScheduler' initialized from an externally provided properties instance.
2026-01-30 14:47:44.580 [main] [34mINFO [0;39m [36morg.quartz.impl.StdSchedulerFactory:1378[0;39m - Quartz scheduler version: 2.3.2
2026-01-30 14:47:44.580 [main] [34mINFO [0;39m [36morg.quartz.core.QuartzScheduler:2293[0;39m - JobFactory set to: org.springframework.scheduling.quartz.SpringBeanJobFactory@57cabdc3
2026-01-30 14:47:45.303 [main] [34mINFO [0;39m [36mo.f.s.b.e.EventRegistryAutoConfiguration:104[0;39m - No deployment resources were found for autodeployment
2026-01-30 14:47:45.770 [main] [34mINFO [0;39m [36mo.flowable.spring.SpringProcessEngineConfiguration:1084[0;39m - Found 2 Engine Configurators in total:
2026-01-30 14:47:45.771 [main] [34mINFO [0;39m [36mo.flowable.spring.SpringProcessEngineConfiguration:1086[0;39m - class org.flowable.eventregistry.spring.configurator.SpringEventRegistryConfigurator (priority:100000)
2026-01-30 14:47:45.771 [main] [34mINFO [0;39m [36mo.flowable.spring.SpringProcessEngineConfiguration:1086[0;39m - class org.flowable.idm.engine.configurator.IdmEngineConfigurator (priority:150000)
2026-01-30 14:47:45.771 [main] [34mINFO [0;39m [36mo.flowable.spring.SpringProcessEngineConfiguration:1112[0;39m - Executing beforeInit() of class org.flowable.eventregistry.spring.configurator.SpringEventRegistryConfigurator (priority:100000)
2026-01-30 14:47:45.778 [main] [34mINFO [0;39m [36mo.flowable.spring.SpringProcessEngineConfiguration:1112[0;39m - Executing beforeInit() of class org.flowable.idm.engine.configurator.IdmEngineConfigurator (priority:150000)
2026-01-30 14:47:47.720 [main] [34mINFO [0;39m [36mo.flowable.spring.SpringProcessEngineConfiguration:1119[0;39m - Executing configure() of class org.flowable.eventregistry.spring.configurator.SpringEventRegistryConfigurator (priority:100000)
2026-01-30 14:47:48.416 [main] [34mINFO [0;39m [36mliquibase.lockservice:30[0;39m - Successfully acquired change log lock
2026-01-30 14:47:49.335 [main] [34mINFO [0;39m [36mliquibase.changelog:30[0;39m - Reading from tritium.FLW_EV_DATABASECHANGELOG
2026-01-30 14:47:49.598 [main] [34mINFO [0;39m [36mliquibase.lockservice:30[0;39m - Successfully released change log lock
2026-01-30 14:47:49.600 [main] [34mINFO [0;39m [36mo.f.eventregistry.impl.EventRegistryEngineImpl:53[0;39m - EventRegistryEngine default created
2026-01-30 14:47:49.602 [main] [34mINFO [0;39m [36mo.flowable.spring.SpringProcessEngineConfiguration:1119[0;39m - Executing configure() of class org.flowable.idm.engine.configurator.IdmEngineConfigurator (priority:150000)
2026-01-30 14:47:49.626 [main] [34mINFO [0;39m [36morg.flowable.idm.engine.impl.IdmEngineImpl:52[0;39m - IdmEngine default created
2026-01-30 14:47:49.709 [main] [34mINFO [0;39m [36morg.flowable.engine.impl.ProcessEngineImpl:89[0;39m - ProcessEngine default created
2026-01-30 14:47:49.758 [main] [34mINFO [0;39m [36morg.flowable.engine.impl.cmd.ValidateV5EntitiesCmd:43[0;39m - Total of v5 deployments found: 0
2026-01-30 14:47:51.518 [main] [34mINFO [0;39m [36mo.j.modules.jmreport.config.JmReportExecutorConfig:42[0;39m -  Init JimuReport Config [ 线程池 ] 
2026-01-30 14:47:53.863 [main] [34mINFO [0;39m [36mo.s.b.actuate.endpoint.web.EndpointLinksResolver:58[0;39m - Exposing 2 endpoint(s) beneath base path '/actuator'
2026-01-30 14:47:54.158 [main] [34mINFO [0;39m [36morg.jeecg.config.init.CodeGenerateDbConfig:46[0;39m -  Init CodeGenerate Config [ Get Db Config From application.yml ] 
2026-01-30 14:47:56.747 [main] [34mINFO [0;39m [36mo.f.s.configurator.DefaultAutoDeploymentStrategy:92[0;39m - Deploying resources [URL [jar:file:/root/project-tritium/backend/jeecg-module-system/jeecg-system-start/target/jeecg-system-start-3.6.1.jar!/BOOT-INF/classes!/processes/tritium_demo_v0.bpmn20.xml], URL [jar:file:/root/project-tritium/backend/jeecg-module-system/jeecg-system-start/target/jeecg-system-start-3.6.1.jar!/BOOT-INF/classes!/processes/tritium_approval_v1.bpmn20.xml]] for engine org.flowable.engine.impl.ProcessEngineImpl@4a013b23 deployment name hint SpringBootAutoDeployment
2026-01-30 14:47:56.760 [main] [34mINFO [0;39m [36morg.apache.coyote.http11.Http11NioProtocol:173[0;39m - Starting ProtocolHandler ["http-nio-8080"]
2026-01-30 14:47:56.779 [main] [31mWARN [0;39m [36mo.s.b.w.s.c.AnnotationConfigServletWebServerApplicationContext:591[0;39m - Exception encountered during context initialization - cancelling refresh attempt: org.springframework.context.ApplicationContextException: Failed to start bean 'webServerStartStop'; nested exception is org.springframework.boot.web.server.PortInUseException: Port 8080 is already in use
2026-01-30 14:47:56.845 [main] [34mINFO [0;39m [36mo.s.scheduling.quartz.SchedulerFactoryBean:847[0;39m - Shutting down Quartz Scheduler
2026-01-30 14:47:56.845 [main] [34mINFO [0;39m [36morg.quartz.core.QuartzScheduler:666[0;39m - Scheduler MyScheduler_$_localhost1769784464506 shutting down.
2026-01-30 14:47:56.845 [main] [34mINFO [0;39m [36morg.quartz.core.QuartzScheduler:585[0;39m - Scheduler MyScheduler_$_localhost1769784464506 paused.
2026-01-30 14:47:56.846 [main] [34mINFO [0;39m [36morg.quartz.core.QuartzScheduler:740[0;39m - Scheduler MyScheduler_$_localhost1769784464506 shutdown complete.
2026-01-30 14:47:56.863 [main] [34mINFO [0;39m [36mo.s.orm.jpa.LocalContainerEntityManagerFactoryBean:651[0;39m - Closing JPA EntityManagerFactory for persistence unit 'default'
2026-01-30 14:47:56.871 [main] [34mINFO [0;39m [36mc.b.dynamic.datasource.DynamicRoutingDataSource:211[0;39m - dynamic-datasource start closing ....
2026-01-30 14:47:56.872 [main] [34mINFO [0;39m [36mcom.alibaba.druid.pool.DruidDataSource:2175[0;39m - {dataSource-1} closing ...
2026-01-30 14:47:56.890 [main] [34mINFO [0;39m [36mcom.alibaba.druid.pool.DruidDataSource:2248[0;39m - {dataSource-1} closed
2026-01-30 14:47:56.891 [main] [34mINFO [0;39m [36mc.b.dynamic.datasource.DynamicRoutingDataSource:215[0;39m - dynamic-datasource all closed success,bye
2026-01-30 14:47:56.942 [main] [34mINFO [0;39m [36morg.apache.coyote.http11.Http11NioProtocol:173[0;39m - Pausing ProtocolHandler ["http-nio-8080"]
2026-01-30 14:47:56.942 [main] [34mINFO [0;39m [36morg.apache.catalina.core.StandardService:173[0;39m - Stopping service [Tomcat]
2026-01-30 14:47:56.951 [main] [34mINFO [0;39m [36morg.apache.coyote.http11.Http11NioProtocol:173[0;39m - Stopping ProtocolHandler ["http-nio-8080"]
2026-01-30 14:47:56.958 [main] [34mINFO [0;39m [36morg.apache.coyote.http11.Http11NioProtocol:173[0;39m - Destroying ProtocolHandler ["http-nio-8080"]
2026-01-30 14:47:56.998 [main] [34mINFO [0;39m [36mo.s.b.a.l.ConditionEvaluationReportLoggingListener:136[0;39m - 

Error starting ApplicationContext. To display the conditions report re-run your application with 'debug' enabled.
2026-01-30 14:47:57.062 [main] [1;31mERROR[0;39m [36mo.s.b.diagnostics.LoggingFailureAnalysisReporter:40[0;39m - 

***************************
APPLICATION FAILED TO START
***************************

Description:

Web server failed to start. Port 8080 was already in use.

Action:

Identify and stop the process that's listening on port 8080 or configure this application to listen on another port.

